e:\computer_science\hk4\computergraphics\computergraphics\btl\assigment_1927030\assigment_1927030\debug\vc142.pdb
e:\computer_science\hk4\computergraphics\computergraphics\btl\assigment_1927030\assigment_1927030\debug\vc142.idb
e:\computer_science\hk4\computergraphics\computergraphics\btl\assigment_1927030\assigment_1927030\debug\supportclass.obj
e:\computer_science\hk4\computergraphics\computergraphics\btl\assigment_1927030\assigment_1927030\debug\mesh.obj
e:\computer_science\hk4\computergraphics\computergraphics\btl\assigment_1927030\assigment_1927030\debug\assigment_1927030.obj
e:\computer_science\hk4\computergraphics\computergraphics\btl\assigment_1927030\assigment_1927030\debug\mesh.obj.enc
e:\computer_science\hk4\computergraphics\computergraphics\btl\assigment_1927030\debug\assigment_1927030.pdb
e:\computer_science\hk4\computergraphics\computergraphics\btl\assigment_1927030\assigment_1927030\debug\assigmen.b91d9fe2.tlog\cl.command.1.tlog
e:\computer_science\hk4\computergraphics\computergraphics\btl\assigment_1927030\assigment_1927030\debug\assigmen.b91d9fe2.tlog\cl.read.1.tlog
e:\computer_science\hk4\computergraphics\computergraphics\btl\assigment_1927030\assigment_1927030\debug\assigmen.b91d9fe2.tlog\cl.write.1.tlog
e:\computer_science\hk4\computergraphics\computergraphics\btl\assigment_1927030\assigment_1927030\debug\assigmen.b91d9fe2.tlog\link-cvtres.read.1.tlog
e:\computer_science\hk4\computergraphics\computergraphics\btl\assigment_1927030\assigment_1927030\debug\assigmen.b91d9fe2.tlog\link-cvtres.write.1.tlog
e:\computer_science\hk4\computergraphics\computergraphics\btl\assigment_1927030\assigment_1927030\debug\assigmen.b91d9fe2.tlog\link-rc.read.1.tlog
e:\computer_science\hk4\computergraphics\computergraphics\btl\assigment_1927030\assigment_1927030\debug\assigmen.b91d9fe2.tlog\link-rc.write.1.tlog
e:\computer_science\hk4\computergraphics\computergraphics\btl\assigment_1927030\assigment_1927030\debug\assigmen.b91d9fe2.tlog\link.20844-cvtres.read.1.tlog
e:\computer_science\hk4\computergraphics\computergraphics\btl\assigment_1927030\assigment_1927030\debug\assigmen.b91d9fe2.tlog\link.20844-cvtres.write.1.tlog
e:\computer_science\hk4\computergraphics\computergraphics\btl\assigment_1927030\assigment_1927030\debug\assigmen.b91d9fe2.tlog\link.20844-rc.read.1.tlog
e:\computer_science\hk4\computergraphics\computergraphics\btl\assigment_1927030\assigment_1927030\debug\assigmen.b91d9fe2.tlog\link.20844-rc.write.1.tlog
e:\computer_science\hk4\computergraphics\computergraphics\btl\assigment_1927030\assigment_1927030\debug\assigmen.b91d9fe2.tlog\link.20844.read.1.tlog
e:\computer_science\hk4\computergraphics\computergraphics\btl\assigment_1927030\assigment_1927030\debug\assigmen.b91d9fe2.tlog\link.20844.write.1.tlog
e:\computer_science\hk4\computergraphics\computergraphics\btl\assigment_1927030\assigment_1927030\debug\assigmen.b91d9fe2.tlog\link.command.1.tlog
e:\computer_science\hk4\computergraphics\computergraphics\btl\assigment_1927030\assigment_1927030\debug\assigmen.b91d9fe2.tlog\link.read.1.tlog
e:\computer_science\hk4\computergraphics\computergraphics\btl\assigment_1927030\assigment_1927030\debug\assigmen.b91d9fe2.tlog\link.write.1.tlog
